# JRE version: OpenJDK Runtime Environment (8.0_242-b01) (build 1.8.0_242-release-1644-b01)
# Java VM: OpenJDK 64-Bit Server VM (25.242-b01 mixed mode windows-amd64 compressed oops)
Heap:
 PSYoungGen      total 323584K, used 103544K [0x00000000d5580000, 0x00000000ee500000, 0x0000000100000000)
  eden space 296960K, 25% used [0x00000000d5580000,0x00000000da0a1d98,0x00000000e7780000)
  from space 26624K, 99% used [0x00000000e7780000,0x00000000e917c5b8,0x00000000e9180000)
  to   space 33280K, 0% used [0x00000000ec480000,0x00000000ec480000,0x00000000ee500000)
 ParOldGen       total 127488K, used 55472K [0x0000000080000000, 0x0000000087c80000, 0x00000000d5580000)
  object space 127488K, 43% used [0x0000000080000000,0x000000008362c2b0,0x0000000087c80000)
 Metaspace       used 87032K, capacity 91524K, committed 91648K, reserved 1128448K
  class space    used 11546K, capacity 12421K, committed 12544K, reserved 1048576K
GC Heap History (10 events):
Event: 68.038 GC heap before
{Heap before GC invocations=22 (full 3):
 PSYoungGen      total 282624K, used 19446K [0x00000000d5580000, 0x00000000ea780000, 0x0000000100000000)
  eden space 263168K, 0% used [0x00000000d5580000,0x00000000d5580000,0x00000000e5680000)
  from space 19456K, 99% used [0x00000000e5680000,0x00000000e697d948,0x00000000e6980000)
  to   space 22528K, 0% used [0x00000000e9180000,0x00000000e9180000,0x00000000ea780000)
 ParOldGen       total 87040K, used 23429K [0x0000000080000000, 0x0000000085500000, 0x00000000d5580000)
  object space 87040K, 26% used [0x0000000080000000,0x00000000816e17f0,0x0000000085500000)
 Metaspace       used 56683K, capacity 58908K, committed 59028K, reserved 1101824K
  class space    used 7208K, capacity 7641K, committed 7680K, reserved 1048576K
Event: 68.365 GC heap after
Heap after GC invocations=22 (full 3):
 PSYoungGen      total 282624K, used 0K [0x00000000d5580000, 0x00000000ea780000, 0x0000000100000000)
  eden space 263168K, 0% used [0x00000000d5580000,0x00000000d5580000,0x00000000e5680000)
  from space 19456K, 0% used [0x00000000e5680000,0x00000000e5680000,0x00000000e6980000)
  to   space 22528K, 0% used [0x00000000e9180000,0x00000000e9180000,0x00000000ea780000)
 ParOldGen       total 127488K, used 31999K [0x0000000080000000, 0x0000000087c80000, 0x00000000d5580000)
  object space 127488K, 25% used [0x0000000080000000,0x0000000081f3fe88,0x0000000087c80000)
 Metaspace       used 56587K, capacity 58742K, committed 59028K, reserved 1101824K
  class space    used 7180K, capacity 7607K, committed 7680K, reserved 1048576K
}
Event: 87.556 GC heap before
{Heap before GC invocations=23 (full 3):
 PSYoungGen      total 282624K, used 263168K [0x00000000d5580000, 0x00000000ea780000, 0x0000000100000000)
  eden space 263168K, 100% used [0x00000000d5580000,0x00000000e5680000,0x00000000e5680000)
  from space 19456K, 0% used [0x00000000e5680000,0x00000000e5680000,0x00000000e6980000)
  to   space 22528K, 0% used [0x00000000e9180000,0x00000000e9180000,0x00000000ea780000)
 ParOldGen       total 127488K, used 31999K [0x0000000080000000, 0x0000000087c80000, 0x00000000d5580000)
  object space 127488K, 25% used [0x0000000080000000,0x0000000081f3fe88,0x0000000087c80000)
 Metaspace       used 70174K, capacity 72968K, committed 73216K, reserved 1112064K
  class space    used 9156K, capacity 9708K, committed 9728K, reserved 1048576K
Event: 87.600 GC heap after
Heap after GC invocations=23 (full 3):
 PSYoungGen      total 319488K, used 22511K [0x00000000d5580000, 0x00000000eaf80000, 0x0000000100000000)
  eden space 296960K, 0% used [0x00000000d5580000,0x00000000d5580000,0x00000000e7780000)
  from space 22528K, 99% used [0x00000000e9180000,0x00000000ea77bca8,0x00000000ea780000)
  to   space 26624K, 0% used [0x00000000e7780000,0x00000000e7780000,0x00000000e9180000)
 ParOldGen       total 127488K, used 32920K [0x0000000080000000, 0x0000000087c80000, 0x00000000d5580000)
  object space 127488K, 25% used [0x0000000080000000,0x0000000082026298,0x0000000087c80000)
 Metaspace       used 70174K, capacity 72968K, committed 73216K, reserved 1112064K
  class space    used 9156K, capacity 9708K, committed 9728K, reserved 1048576K
}
Event: 100.584 GC heap before
{Heap before GC invocations=24 (full 3):
 PSYoungGen      total 319488K, used 319471K [0x00000000d5580000, 0x00000000eaf80000, 0x0000000100000000)
  eden space 296960K, 100% used [0x00000000d5580000,0x00000000e7780000,0x00000000e7780000)
  from space 22528K, 99% used [0x00000000e9180000,0x00000000ea77bca8,0x00000000ea780000)
  to   space 26624K, 0% used [0x00000000e7780000,0x00000000e7780000,0x00000000e9180000)
 ParOldGen       total 127488K, used 32920K [0x0000000080000000, 0x0000000087c80000, 0x00000000d5580000)
  object space 127488K, 25% used [0x0000000080000000,0x0000000082026298,0x0000000087c80000)
 Metaspace       used 81957K, capacity 86086K, committed 86272K, reserved 1124352K
  class space    used 10942K, capacity 11738K, committed 11776K, reserved 1048576K
Event: 100.679 GC heap after
Heap after GC invocations=24 (full 3):
 PSYoungGen      total 323584K, used 26609K [0x00000000d5580000, 0x00000000ee500000, 0x0000000100000000)
  eden space 296960K, 0% used [0x00000000d5580000,0x00000000d5580000,0x00000000e7780000)
  from space 26624K, 99% used [0x00000000e7780000,0x00000000e917c788,0x00000000e9180000)
  to   space 33280K, 0% used [0x00000000ec480000,0x00000000ec480000,0x00000000ee500000)
 ParOldGen       total 127488K, used 39652K [0x0000000080000000, 0x0000000087c80000, 0x00000000d5580000)
  object space 127488K, 31% used [0x0000000080000000,0x00000000826b93e8,0x0000000087c80000)
 Metaspace       used 81957K, capacity 86086K, committed 86272K, reserved 1124352K
  class space    used 10942K, capacity 11738K, committed 11776K, reserved 1048576K
}
Event: 108.402 GC heap before
{Heap before GC invocations=25 (full 3):
 PSYoungGen      total 323584K, used 323569K [0x00000000d5580000, 0x00000000ee500000, 0x0000000100000000)
  eden space 296960K, 100% used [0x00000000d5580000,0x00000000e7780000,0x00000000e7780000)
  from space 26624K, 99% used [0x00000000e7780000,0x00000000e917c788,0x00000000e9180000)
  to   space 33280K, 0% used [0x00000000ec480000,0x00000000ec480000,0x00000000ee500000)
 ParOldGen       total 127488K, used 39652K [0x0000000080000000, 0x0000000087c80000, 0x00000000d5580000)
  object space 127488K, 31% used [0x0000000080000000,0x00000000826b93e8,0x0000000087c80000)
 Metaspace       used 83654K, capacity 87996K, committed 88192K, reserved 1126400K
  class space    used 11066K, capacity 11871K, committed 11904K, reserved 1048576K
Event: 108.603 GC heap after
Heap after GC invocations=25 (full 3):
 PSYoungGen      total 330240K, used 32400K [0x00000000d5580000, 0x00000000ee500000, 0x0000000100000000)
  eden space 296960K, 0% used [0x00000000d5580000,0x00000000d5580000,0x00000000e7780000)
  from space 33280K, 97% used [0x00000000ec480000,0x00000000ee4243b8,0x00000000ee500000)
  to   space 26624K, 0% used [0x00000000e7780000,0x00000000e7780000,0x00000000e9180000)
 ParOldGen       total 127488K, used 39660K [0x0000000080000000, 0x0000000087c80000, 0x00000000d5580000)
  object space 127488K, 31% used [0x0000000080000000,0x00000000826bb3e8,0x0000000087c80000)
 Metaspace       used 83654K, capacity 87996K, committed 88192K, reserved 1126400K
  class space    used 11066K, capacity 11871K, committed 11904K, reserved 1048576K
}
Event: 111.040 GC heap before
{Heap before GC invocations=26 (full 3):
 PSYoungGen      total 330240K, used 329360K [0x00000000d5580000, 0x00000000ee500000, 0x0000000100000000)
  eden space 296960K, 100% used [0x00000000d5580000,0x00000000e7780000,0x00000000e7780000)
  from space 33280K, 97% used [0x00000000ec480000,0x00000000ee4243b8,0x00000000ee500000)
  to   space 26624K, 0% used [0x00000000e7780000,0x00000000e7780000,0x00000000e9180000)
 ParOldGen       total 127488K, used 39660K [0x0000000080000000, 0x0000000087c80000, 0x00000000d5580000)
  object space 127488K, 31% used [0x0000000080000000,0x00000000826bb3e8,0x0000000087c80000)
 Metaspace       used 83935K, capacity 88220K, committed 88448K, reserved 1126400K
  class space    used 11086K, capacity 11903K, committed 11904K, reserved 1048576K
Event: 111.181 GC heap after
Heap after GC invocations=26 (full 3):
 PSYoungGen      total 323584K, used 26609K [0x00000000d5580000, 0x00000000ee500000, 0x0000000100000000)
  eden space 296960K, 0% used [0x00000000d5580000,0x00000000d5580000,0x00000000e7780000)
  from space 26624K, 99% used [0x00000000e7780000,0x00000000e917c5b8,0x00000000e9180000)
  to   space 33280K, 0% used [0x00000000ec480000,0x00000000ec480000,0x00000000ee500000)
 ParOldGen       total 127488K, used 55472K [0x0000000080000000, 0x0000000087c80000, 0x00000000d5580000)
  object space 127488K, 43% used [0x0000000080000000,0x000000008362c2b0,0x0000000087c80000)
 Metaspace       used 83935K, capacity 88220K, committed 88448K, reserved 1126400K
  class space    used 11086K, capacity 11903K, committed 11904K, reserved 1048576K
}

